{"name": "Validate add to cart button", "status": "broken", "statusDetails": {"message": "selenium.common.exceptions.TimeoutException: Message: \nStacktrace:\n\tGetHandleVerifier [0x00007FF65CC01F52+60322]\n\t(No symbol) [0x00007FF65CB7CEC9]\n\t(No symbol) [0x00007FF65CA37EBA]\n\t(No symbol) [0x00007FF65CA87676]\n\t(No symbol) [0x00007FF65CA8773C]\n\t(No symbol) [0x00007FF65CACE967]\n\t(No symbol) [0x00007FF65CAAC25F]\n\t(No symbol) [0x00007FF65CACBC80]\n\t(No symbol) [0x00007FF65CAABFC3]\n\t(No symbol) [0x00007FF65CA79617]\n\t(No symbol) [0x00007FF65CA7A211]\n\tGetHandleVerifier [0x00007FF65CF1949D+3301613]\n\tGetHandleVerifier [0x00007FF65CF636C3+3605267]\n\tGetHandleVerifier [0x00007FF65CF59440+3563664]\n\tGetHandleVerifier [0x00007FF65CCB4326+790390]\n\t(No symbol) [0x00007FF65CB8750F]\n\t(No symbol) [0x00007FF65CB83404]\n\t(No symbol) [0x00007FF65CB83592]\n\t(No symbol) [0x00007FF65CB72F9F]\n\tBaseThreadInitThunk [0x00007FFCF057257D+29]\n\tRtlUserThreadStart [0x00007FFCF0C6AF28+40]", "trace": "self = <Tests.test_homepage.Test_HomePage object at 0x00000223FF4B9250>, test_homepage_title = None\n\n    @title(\"test page title of products page\")\n    @pytest.fixture(scope='class')\n    \n    def test_homepage_header(self,test_homepage_title):\n    \n>       header=homePage.get_page_header()\n\nTests\\test_homepage.py:27: \n_ _ _ _ _ _ _ _ _ _ _ _ _ _ _ _ _ _ _ _ _ _ _ _ _ _ _ _ _ _ _ _ _ _ _ _ _ _ _ _ _ _ _ _ _ _ _ _ _ _ _ _ _ _ _ _ _ _ _ _ _ _ _ _ _ _ _ _ _ _ _ _ _ _ _ _ _ _ _ _ _ _ _ _ _ _ _ _ \npages\\HomePage.py:26: in get_page_header\n    return self.get_element_text(self.header)\npages\\Utils.py:14: in get_element_text\n    element=WebDriverWait(self.driver, 20).until(EC.visibility_of_element_located(by_locator))\n_ _ _ _ _ _ _ _ _ _ _ _ _ _ _ _ _ _ _ _ _ _ _ _ _ _ _ _ _ _ _ _ _ _ _ _ _ _ _ _ _ _ _ _ _ _ _ _ _ _ _ _ _ _ _ _ _ _ _ _ _ _ _ _ _ _ _ _ _ _ _ _ _ _ _ _ _ _ _ _ _ _ _ _ _ _ _ _ \n\nself = <selenium.webdriver.support.wait.WebDriverWait (session=\"4a81f99682ab060173d71439a9645028\")>\nmethod = <function visibility_of_element_located.<locals>._predicate at 0x00000223FF5A6840>, message = ''\n\n    def until(self, method: Callable[[D], Union[Literal[False], T]], message: str = \"\") -> T:\n        \"\"\"Calls the method provided with the driver as an argument until the \\\n        return value does not evaluate to ``False``.\n    \n        :param method: callable(WebDriver)\n        :param message: optional message for :exc:`TimeoutException`\n        :returns: the result of the last call to `method`\n        :raises: :exc:`selenium.common.exceptions.TimeoutException` if timeout occurs\n        \"\"\"\n        screen = None\n        stacktrace = None\n    \n        end_time = time.monotonic() + self._timeout\n        while True:\n            try:\n                value = method(self._driver)\n                if value:\n                    return value\n            except self._ignored_exceptions as exc:\n                screen = getattr(exc, \"screen\", None)\n                stacktrace = getattr(exc, \"stacktrace\", None)\n            time.sleep(self._poll)\n            if time.monotonic() > end_time:\n                break\n>       raise TimeoutException(message, screen, stacktrace)\nE       selenium.common.exceptions.TimeoutException: Message: \nE       Stacktrace:\nE       \tGetHandleVerifier [0x00007FF65CC01F52+60322]\nE       \t(No symbol) [0x00007FF65CB7CEC9]\nE       \t(No symbol) [0x00007FF65CA37EBA]\nE       \t(No symbol) [0x00007FF65CA87676]\nE       \t(No symbol) [0x00007FF65CA8773C]\nE       \t(No symbol) [0x00007FF65CACE967]\nE       \t(No symbol) [0x00007FF65CAAC25F]\nE       \t(No symbol) [0x00007FF65CACBC80]\nE       \t(No symbol) [0x00007FF65CAABFC3]\nE       \t(No symbol) [0x00007FF65CA79617]\nE       \t(No symbol) [0x00007FF65CA7A211]\nE       \tGetHandleVerifier [0x00007FF65CF1949D+3301613]\nE       \tGetHandleVerifier [0x00007FF65CF636C3+3605267]\nE       \tGetHandleVerifier [0x00007FF65CF59440+3563664]\nE       \tGetHandleVerifier [0x00007FF65CCB4326+790390]\nE       \t(No symbol) [0x00007FF65CB8750F]\nE       \t(No symbol) [0x00007FF65CB83404]\nE       \t(No symbol) [0x00007FF65CB83592]\nE       \t(No symbol) [0x00007FF65CB72F9F]\nE       \tBaseThreadInitThunk [0x00007FFCF057257D+29]\nE       \tRtlUserThreadStart [0x00007FFCF0C6AF28+40]\n\nvenv\\Lib\\site-packages\\selenium\\webdriver\\support\\wait.py:105: TimeoutException"}, "attachments": [{"name": "log", "source": "af03bbef-c2fe-4346-b66a-7e8880e00b46-attachment.txt", "type": "text/plain"}], "parameters": [{"name": "test_setup", "value": "'chrome'"}], "start": 1720101345349, "stop": 1720101345349, "uuid": "474ae3ef-5424-417d-a309-576c3fef1297", "historyId": "3bfdc92ec7025c0f897d60f4d88a1cfc", "testCaseId": "3c6ede5f52ef63c82d45812d2f2007fc", "fullName": "Tests.test_homepage.Test_HomePage#test_addcart_button", "labels": [{"name": "tag", "value": "@pytest.mark.usefixtures('test_setup')"}, {"name": "parentSuite", "value": "Tests"}, {"name": "suite", "value": "test_homepage"}, {"name": "subSuite", "value": "Test_HomePage"}, {"name": "host", "value": "LIN51016872"}, {"name": "thread", "value": "3760-MainThread"}, {"name": "framework", "value": "pytest"}, {"name": "language", "value": "cpython3"}, {"name": "package", "value": "Tests.test_homepage"}]}