{"name": " validate checkout button's text", "status": "broken", "statusDetails": {"message": "selenium.common.exceptions.TimeoutException: Message: \nStacktrace:\n\tGetHandleVerifier [0x00007FF65CC01F52+60322]\n\t(No symbol) [0x00007FF65CB7CEC9]\n\t(No symbol) [0x00007FF65CA37EBA]\n\t(No symbol) [0x00007FF65CA87676]\n\t(No symbol) [0x00007FF65CA8773C]\n\t(No symbol) [0x00007FF65CACE967]\n\t(No symbol) [0x00007FF65CAAC25F]\n\t(No symbol) [0x00007FF65CACBC80]\n\t(No symbol) [0x00007FF65CAABFC3]\n\t(No symbol) [0x00007FF65CA79617]\n\t(No symbol) [0x00007FF65CA7A211]\n\tGetHandleVerifier [0x00007FF65CF1949D+3301613]\n\tGetHandleVerifier [0x00007FF65CF636C3+3605267]\n\tGetHandleVerifier [0x00007FF65CF59440+3563664]\n\tGetHandleVerifier [0x00007FF65CCB4326+790390]\n\t(No symbol) [0x00007FF65CB8750F]\n\t(No symbol) [0x00007FF65CB83404]\n\t(No symbol) [0x00007FF65CB83592]\n\t(No symbol) [0x00007FF65CB72F9F]\n\tBaseThreadInitThunk [0x00007FFCF057257D+29]\n\tRtlUserThreadStart [0x00007FFCF0C6AF28+40]", "trace": "self = <Tests.test_cartpage.Test_CartPage object at 0x00000223FF502C50>\n\n    @title(\" validate cart page and products present in the cart \")\n    @pytest.fixture(scope='class')\n    def test_products_in_cart(self):\n        global cartPage\n        self.loginPage = LoginPage(self.driver)\n        homePage = self.loginPage.do_login(TestData.username, TestData.password)\n>       cartPage = homePage.go_to_cart_page()\n\nTests\\test_cartpage.py:19: \n_ _ _ _ _ _ _ _ _ _ _ _ _ _ _ _ _ _ _ _ _ _ _ _ _ _ _ _ _ _ _ _ _ _ _ _ _ _ _ _ _ _ _ _ _ _ _ _ _ _ _ _ _ _ _ _ _ _ _ _ _ _ _ _ _ _ _ _ _ _ _ _ _ _ _ _ _ _ _ _ _ _ _ _ _ _ _ _ \npages\\HomePage.py:40: in go_to_cart_page\n    self.do_click(self.add_cart_button)\npages\\Utils.py:9: in do_click\n    WebDriverWait(self.driver, 10).until(EC.visibility_of_element_located(by_locator)).click()\n_ _ _ _ _ _ _ _ _ _ _ _ _ _ _ _ _ _ _ _ _ _ _ _ _ _ _ _ _ _ _ _ _ _ _ _ _ _ _ _ _ _ _ _ _ _ _ _ _ _ _ _ _ _ _ _ _ _ _ _ _ _ _ _ _ _ _ _ _ _ _ _ _ _ _ _ _ _ _ _ _ _ _ _ _ _ _ _ \n\nself = <selenium.webdriver.support.wait.WebDriverWait (session=\"0d0656744a4c45bf160a0730b0e5e6d8\")>\nmethod = <function visibility_of_element_located.<locals>._predicate at 0x00000223FF4B5440>, message = ''\n\n    def until(self, method: Callable[[D], Union[Literal[False], T]], message: str = \"\") -> T:\n        \"\"\"Calls the method provided with the driver as an argument until the \\\n        return value does not evaluate to ``False``.\n    \n        :param method: callable(WebDriver)\n        :param message: optional message for :exc:`TimeoutException`\n        :returns: the result of the last call to `method`\n        :raises: :exc:`selenium.common.exceptions.TimeoutException` if timeout occurs\n        \"\"\"\n        screen = None\n        stacktrace = None\n    \n        end_time = time.monotonic() + self._timeout\n        while True:\n            try:\n                value = method(self._driver)\n                if value:\n                    return value\n            except self._ignored_exceptions as exc:\n                screen = getattr(exc, \"screen\", None)\n                stacktrace = getattr(exc, \"stacktrace\", None)\n            time.sleep(self._poll)\n            if time.monotonic() > end_time:\n                break\n>       raise TimeoutException(message, screen, stacktrace)\nE       selenium.common.exceptions.TimeoutException: Message: \nE       Stacktrace:\nE       \tGetHandleVerifier [0x00007FF65CC01F52+60322]\nE       \t(No symbol) [0x00007FF65CB7CEC9]\nE       \t(No symbol) [0x00007FF65CA37EBA]\nE       \t(No symbol) [0x00007FF65CA87676]\nE       \t(No symbol) [0x00007FF65CA8773C]\nE       \t(No symbol) [0x00007FF65CACE967]\nE       \t(No symbol) [0x00007FF65CAAC25F]\nE       \t(No symbol) [0x00007FF65CACBC80]\nE       \t(No symbol) [0x00007FF65CAABFC3]\nE       \t(No symbol) [0x00007FF65CA79617]\nE       \t(No symbol) [0x00007FF65CA7A211]\nE       \tGetHandleVerifier [0x00007FF65CF1949D+3301613]\nE       \tGetHandleVerifier [0x00007FF65CF636C3+3605267]\nE       \tGetHandleVerifier [0x00007FF65CF59440+3563664]\nE       \tGetHandleVerifier [0x00007FF65CCB4326+790390]\nE       \t(No symbol) [0x00007FF65CB8750F]\nE       \t(No symbol) [0x00007FF65CB83404]\nE       \t(No symbol) [0x00007FF65CB83592]\nE       \t(No symbol) [0x00007FF65CB72F9F]\nE       \tBaseThreadInitThunk [0x00007FFCF057257D+29]\nE       \tRtlUserThreadStart [0x00007FFCF0C6AF28+40]\n\nvenv\\Lib\\site-packages\\selenium\\webdriver\\support\\wait.py:105: TimeoutException"}, "attachments": [{"name": "log", "source": "52e29262-729f-480b-9e27-a3823fa22b54-attachment.txt", "type": "text/plain"}], "parameters": [{"name": "test_setup", "value": "'chrome'"}], "start": 1720101310883, "stop": 1720101310883, "uuid": "5a06b5a2-3e89-4f77-be7a-c84e7fd37db1", "historyId": "ed0f46ea104f3c0fd51bc5934a05bc2e", "testCaseId": "132913a9dd80e8fe0c609099be26f423", "fullName": "Tests.test_cartpage.Test_CartPage#test_checkout_button_text", "labels": [{"name": "tag", "value": "@pytest.mark.usefixtures('test_setup')"}, {"name": "parentSuite", "value": "Tests"}, {"name": "suite", "value": "test_cartpage"}, {"name": "subSuite", "value": "Test_CartPage"}, {"name": "host", "value": "LIN51016872"}, {"name": "thread", "value": "3760-MainThread"}, {"name": "framework", "value": "pytest"}, {"name": "language", "value": "cpython3"}, {"name": "package", "value": "Tests.test_cartpage"}]}